<?xml version="1.0" encoding="UTF-8"?>
<!-- Generated by org.testng.reporters.JUnitReportReporter -->
<testsuite hostname="QT-INBG-LT1257" failures="0" tests="4" name="Scripts.SignInS" time="36.362" errors="0" timestamp="2022-09-19T09:32:44 IST" skipped="0">
  <testcase classname="Scripts.SignInS" name="sign" time="10.634"/>
  <system-out/>
  <testcase classname="Scripts.SignInS" name="sign" time="8.583"/>
  <system-out/>
  <testcase classname="Scripts.SignInS" name="sign" time="8.577"/>
  <system-out/>
  <testcase classname="Scripts.SignInS" name="sign" time="8.568"/>
  <system-out/>
</testsuite> <!-- Scripts.SignInS -->
